2024-01-03 15:04:11,004 - INFO - Username: None -- Response for GET "/status": 401 {'error': 'User is not logged in'}
2024-01-03 15:07:09,537 - INFO - Creating account for username: hienhienn.
2024-01-03 15:07:10,219 - INFO - Successfully create account for username: hienhienn!
2024-01-03 15:07:19,209 - INFO - Creating account for username: 1.
2024-01-03 15:07:19,804 - INFO - Successfully create account for username: 1!
2024-01-03 15:41:06,924 - INFO - Username: 1 -- is logging in!
2024-01-03 15:41:06,941 - INFO - Username: 1 -- logged in successfully!
2024-01-03 15:41:20,258 - INFO - Username: 1 -- logged in failed!
2024-01-04 21:34:19,952 - INFO - Creating account for username: 1.
2024-01-04 22:01:56,447 - INFO - Creating account for username: 2.
2024-01-04 22:05:05,661 - INFO - Creating account for username: 2.
2024-01-06 09:22:59,720 - INFO - Creating account for username: 1.
2024-01-06 09:23:00,630 - INFO - Successfully create account for username: 1!
2024-01-06 09:23:13,706 - INFO - Username: 1 -- is logging in!
2024-01-06 09:23:13,707 - INFO - Username: 1 -- logged in successfully!
2024-01-06 09:23:47,077 - INFO - Username: 1 -- is logging in!
2024-01-06 09:23:47,077 - INFO - Username: 1 -- logged in successfully!
2024-01-06 09:41:43,163 - INFO - Username: 1 -- is logging in!
2024-01-06 09:41:43,172 - INFO - Username: 1 -- logged in successfully!
2024-01-06 09:50:15,477 - INFO - Username: 1 -- is logging in!
2024-01-06 09:50:15,477 - INFO - Username: 1 -- logged in successfully!
