2024-01-07 19:45:36,206 - INFO - Connected with result code 0
2024-01-07 19:45:36,415 - INFO - Subscription id 1 granted with qos (2,).
2024-01-07 19:45:36,617 - INFO - Subscription id 2 granted with qos (1,).
2024-01-07 19:45:36,620 - INFO - Subscription id 3 granted with qos (2,).
2024-01-07 19:45:36,623 - INFO - Subscription id 4 granted with qos (2,).
2024-01-07 19:45:36,847 - INFO - Received Message_ID: 51 -- on topic esp32_status: {
  "activate": false
}
2024-01-07 19:45:36,848 - CRITICAL - Esp32 disconect to the broker!
2024-01-07 19:45:38,978 - INFO - Connected with result code 0
2024-01-07 19:45:39,184 - INFO - Subscription id 1 granted with qos (2,).
2024-01-07 19:45:39,385 - INFO - Subscription id 2 granted with qos (1,).
2024-01-07 19:45:39,424 - INFO - Subscription id 3 granted with qos (2,).
2024-01-07 19:45:39,424 - INFO - Subscription id 4 granted with qos (2,).
2024-01-07 19:45:39,586 - INFO - Received Message_ID: 51 -- on topic esp32_status: {
  "activate": false
}
2024-01-07 19:45:39,586 - CRITICAL - Esp32 disconect to the broker!
2024-01-07 19:45:50,562 - INFO - Received Message_ID: 101 -- on topic esp32_status: {
  "activate": true
}
2024-01-07 19:45:50,563 - CRITICAL - Esp32 successfully connected to the broker!
2024-01-07 19:45:50,567 - INFO - Received Message_ID: 101 -- on topic esp32_status: {
  "activate": true
}
2024-01-07 19:45:50,567 - CRITICAL - Esp32 successfully connected to the broker!
